# JRE version: Java(TM) SE Runtime Environment (8.0_161-b12) (build 1.8.0_161-b12)
# Java VM: Java HotSpot(TM) 64-Bit Server VM (25.161-b12 mixed mode linux-amd64 compressed oops)
Heap:
 PSYoungGen      total 339456K, used 123776K [0x00000000d6f00000, 0x00000000fcc80000, 0x0000000100000000)
  eden space 166400K, 0% used [0x00000000d6f00000,0x00000000d6f00000,0x00000000e1180000)
  from space 173056K, 71% used [0x00000000e1180000,0x00000000e8a600d8,0x00000000eba80000)
  to   space 202240K, 0% used [0x00000000f0700000,0x00000000f0700000,0x00000000fcc80000)
 ParOldGen       total 729600K, used 729439K [0x0000000084c00000, 0x00000000b1480000, 0x00000000d6f00000)
  object space 729600K, 99% used [0x0000000084c00000,0x00000000b1457cf8,0x00000000b1480000)
 Metaspace       used 32256K, capacity 33030K, committed 33152K, reserved 1079296K
  class space    used 3942K, capacity 4105K, committed 4224K, reserved 1048576K
GC Heap History (10 events):
Event: 127.784 GC heap after
Heap after GC invocations=15 (full 4):
 PSYoungGen      total 176128K, used 0K [0x00000000d6f00000, 0x00000000f5580000, 0x0000000100000000)
  eden space 171520K, 0% used [0x00000000d6f00000,0x00000000d6f00000,0x00000000e1680000)
  from space 4608K, 0% used [0x00000000e6d80000,0x00000000e6d80000,0x00000000e7200000)
  to   space 89088K, 0% used [0x00000000e1680000,0x00000000e1680000,0x00000000e6d80000)
 ParOldGen       total 520192K, used 361501K [0x0000000084c00000, 0x00000000a4800000, 0x00000000d6f00000)
  object space 520192K, 69% used [0x0000000084c00000,0x000000009ad077a8,0x00000000a4800000)
 Metaspace       used 32249K, capacity 33030K, committed 33152K, reserved 1079296K
  class space    used 3942K, capacity 4105K, committed 4224K, reserved 1048576K
}
Event: 127.988 GC heap before
{Heap before GC invocations=16 (full 4):
 PSYoungGen      total 176128K, used 171520K [0x00000000d6f00000, 0x00000000f5580000, 0x0000000100000000)
  eden space 171520K, 100% used [0x00000000d6f00000,0x00000000e1680000,0x00000000e1680000)
  from space 4608K, 0% used [0x00000000e6d80000,0x00000000e6d80000,0x00000000e7200000)
  to   space 89088K, 0% used [0x00000000e1680000,0x00000000e1680000,0x00000000e6d80000)
 ParOldGen       total 520192K, used 361501K [0x0000000084c00000, 0x00000000a4800000, 0x00000000d6f00000)
  object space 520192K, 69% used [0x0000000084c00000,0x000000009ad077a8,0x00000000a4800000)
 Metaspace       used 32250K, capacity 33030K, committed 33152K, reserved 1079296K
  class space    used 3942K, capacity 4105K, committed 4224K, reserved 1048576K
Event: 128.312 GC heap after
Heap after GC invocations=16 (full 4):
 PSYoungGen      total 260608K, used 89056K [0x00000000d6f00000, 0x00000000f3e80000, 0x0000000100000000)
  eden space 171520K, 0% used [0x00000000d6f00000,0x00000000d6f00000,0x00000000e1680000)
  from space 89088K, 99% used [0x00000000e1680000,0x00000000e6d78010,0x00000000e6d80000)
  to   space 135168K, 0% used [0x00000000eba80000,0x00000000eba80000,0x00000000f3e80000)
 ParOldGen       total 520192K, used 441237K [0x0000000084c00000, 0x00000000a4800000, 0x00000000d6f00000)
  object space 520192K, 84% used [0x0000000084c00000,0x000000009fae57a8,0x00000000a4800000)
 Metaspace       used 32250K, capacity 33030K, committed 33152K, reserved 1079296K
  class space    used 3942K, capacity 4105K, committed 4224K, reserved 1048576K
}
Event: 128.312 GC heap before
{Heap before GC invocations=17 (full 5):
 PSYoungGen      total 260608K, used 89056K [0x00000000d6f00000, 0x00000000f3e80000, 0x0000000100000000)
  eden space 171520K, 0% used [0x00000000d6f00000,0x00000000d6f00000,0x00000000e1680000)
  from space 89088K, 99% used [0x00000000e1680000,0x00000000e6d78010,0x00000000e6d80000)
  to   space 135168K, 0% used [0x00000000eba80000,0x00000000eba80000,0x00000000f3e80000)
 ParOldGen       total 520192K, used 441237K [0x0000000084c00000, 0x00000000a4800000, 0x00000000d6f00000)
  object space 520192K, 84% used [0x0000000084c00000,0x000000009fae57a8,0x00000000a4800000)
 Metaspace       used 32250K, capacity 33030K, committed 33152K, reserved 1079296K
  class space    used 3942K, capacity 4105K, committed 4224K, reserved 1048576K
Event: 129.866 GC heap after
Heap after GC invocations=17 (full 5):
 PSYoungGen      total 260608K, used 0K [0x00000000d6f00000, 0x00000000f3e80000, 0x0000000100000000)
  eden space 171520K, 0% used [0x00000000d6f00000,0x00000000d6f00000,0x00000000e1680000)
  from space 89088K, 0% used [0x00000000e1680000,0x00000000e1680000,0x00000000e6d80000)
  to   space 135168K, 0% used [0x00000000eba80000,0x00000000eba80000,0x00000000f3e80000)
 ParOldGen       total 729600K, used 517725K [0x0000000084c00000, 0x00000000b1480000, 0x00000000d6f00000)
  object space 729600K, 70% used [0x0000000084c00000,0x00000000a45975d0,0x00000000b1480000)
 Metaspace       used 32250K, capacity 33030K, committed 33152K, reserved 1079296K
  class space    used 3942K, capacity 4105K, committed 4224K, reserved 1048576K
}
Event: 129.968 GC heap before
{Heap before GC invocations=18 (full 5):
 PSYoungGen      total 260608K, used 171520K [0x00000000d6f00000, 0x00000000f3e80000, 0x0000000100000000)
  eden space 171520K, 100% used [0x00000000d6f00000,0x00000000e1680000,0x00000000e1680000)
  from space 89088K, 0% used [0x00000000e1680000,0x00000000e1680000,0x00000000e6d80000)
  to   space 135168K, 0% used [0x00000000eba80000,0x00000000eba80000,0x00000000f3e80000)
 ParOldGen       total 729600K, used 517725K [0x0000000084c00000, 0x00000000b1480000, 0x00000000d6f00000)
  object space 729600K, 70% used [0x0000000084c00000,0x00000000a45975d0,0x00000000b1480000)
 Metaspace       used 32256K, capacity 33030K, committed 33152K, reserved 1079296K
  class space    used 3942K, capacity 4105K, committed 4224K, reserved 1048576K
Event: 130.605 GC heap after
Heap after GC invocations=18 (full 5):
 PSYoungGen      total 301568K, used 135168K [0x00000000d6f00000, 0x00000000f8680000, 0x0000000100000000)
  eden space 166400K, 0% used [0x00000000d6f00000,0x00000000d6f00000,0x00000000e1180000)
  from space 135168K, 100% used [0x00000000eba80000,0x00000000f3e80000,0x00000000f3e80000)
  to   space 173056K, 0% used [0x00000000e1180000,0x00000000e1180000,0x00000000eba80000)
 ParOldGen       total 729600K, used 553077K [0x0000000084c00000, 0x00000000b1480000, 0x00000000d6f00000)
  object space 729600K, 75% used [0x0000000084c00000,0x00000000a681d5d0,0x00000000b1480000)
 Metaspace       used 32256K, capacity 33030K, committed 33152K, reserved 1079296K
  class space    used 3942K, capacity 4105K, committed 4224K, reserved 1048576K
}
Event: 130.704 GC heap before
{Heap before GC invocations=19 (full 5):
 PSYoungGen      total 301568K, used 301568K [0x00000000d6f00000, 0x00000000f8680000, 0x0000000100000000)
  eden space 166400K, 100% used [0x00000000d6f00000,0x00000000e1180000,0x00000000e1180000)
  from space 135168K, 100% used [0x00000000eba80000,0x00000000f3e80000,0x00000000f3e80000)
  to   space 173056K, 0% used [0x00000000e1180000,0x00000000e1180000,0x00000000eba80000)
 ParOldGen       total 729600K, used 553077K [0x0000000084c00000, 0x00000000b1480000, 0x00000000d6f00000)
  object space 729600K, 75% used [0x0000000084c00000,0x00000000a681d5d0,0x00000000b1480000)
 Metaspace       used 32256K, capacity 33030K, committed 33152K, reserved 1079296K
  class space    used 3942K, capacity 4105K, committed 4224K, reserved 1048576K
Event: 133.559 GC heap after
Heap after GC invocations=19 (full 5):
 PSYoungGen      total 339456K, used 165408K [0x00000000d6f00000, 0x00000000fcc80000, 0x0000000100000000)
  eden space 166400K, 0% used [0x00000000d6f00000,0x00000000d6f00000,0x00000000e1180000)
  from space 173056K, 95% used [0x00000000e1180000,0x00000000eb308000,0x00000000eba80000)
  to   space 202240K, 0% used [0x00000000f0700000,0x00000000f0700000,0x00000000fcc80000)
 ParOldGen       total 729600K, used 688589K [0x0000000084c00000, 0x00000000b1480000, 0x00000000d6f00000)
  object space 729600K, 94% used [0x0000000084c00000,0x00000000aec735d0,0x00000000b1480000)
 Metaspace       used 32256K, capacity 33030K, committed 33152K, reserved 1079296K
  class space    used 3942K, capacity 4105K, committed 4224K, reserved 1048576K
}
Event: 133.836 GC heap before
{Heap before GC invocations=20 (full 6):
 PSYoungGen      total 339456K, used 165408K [0x00000000d6f00000, 0x00000000fcc80000, 0x0000000100000000)
  eden space 166400K, 0% used [0x00000000d6f00000,0x00000000d6f00000,0x00000000e1180000)
  from space 173056K, 95% used [0x00000000e1180000,0x00000000eb308000,0x00000000eba80000)
  to   space 202240K, 0% used [0x00000000f0700000,0x00000000f0700000,0x00000000fcc80000)
 ParOldGen       total 729600K, used 688589K [0x0000000084c00000, 0x00000000b1480000, 0x00000000d6f00000)
  object space 729600K, 94% used [0x0000000084c00000,0x00000000aec735d0,0x00000000b1480000)
 Metaspace       used 32256K, capacity 33030K, committed 33152K, reserved 1079296K
  class space    used 3942K, capacity 4105K, committed 4224K, reserved 1048576K

